#
# There is insufficient memory for the Java Runtime Environment to continue.
# Native memory allocation (malloc) failed to allocate 1072816 bytes for Chunk::new
# Possible reasons:
#   The system is out of physical RAM or swap space
#   The process is running with CompressedOops enabled, and the Java Heap may be blocking the growth of the native heap
# Possible solutions:
#   Reduce memory load on the system
#   Increase physical memory or swap space
#   Check if swap backing store is full
#   Decrease Java heap size (-Xmx/-Xms)
#   Decrease number of Java threads
#   Decrease Java thread stack sizes (-Xss)
#   Set larger code cache with -XX:ReservedCodeCacheSize=
#   JVM is running with Unscaled Compressed Oops mode in which the Java heap is
#     placed in the first 4GB address space. The Java Heap base address is the
#     maximum limit for the native heap growth. Please use -XX:HeapBaseMinAddress
#     to set the Java Heap base and to place the Java Heap above 4GB virtual address.
# This output file may be truncated or incomplete.
#
#  Out of Memory Error (./open/src/hotspot/share/memory/arena.cpp:195), pid=15040, tid=11736
#
# JRE version: OpenJDK Runtime Environment (15.0.2+7) (build 15.0.2+7-27)
# Java VM: OpenJDK 64-Bit Server VM (15.0.2+7-27, mixed mode, tiered, compressed oops, g1 gc, windows-amd64)
# No core dump will be written. Minidumps are not enabled by default on client versions of Windows
#

---------------  S U M M A R Y ------------

Command Line: -ea -javaagent:C:\Users\maria.beltran\.m2\repository/org/aspectj/aspectjweaver/1.9.4/aspectjweaver-1.9.4.jar -Dfile.encoding=Cp1252 -XX:+ShowCodeDetailsInExceptionMessages org.testng.remote.RemoteTestNG -serport 64335 -protocol json -d C:\Users\maria.beltran\Desktop\Almaviva\almavivaAutomatizacion\test-output C:\Users\MARIA~1.BEL\AppData\Local\Temp\testng-eclipse-1952632262\testng-customsuite.xml

Host: Intel(R) Core(TM) i7-6500U CPU @ 2.50GHz, 4 cores, 3G,  Windows 10 , 64 bit Build 19041 (10.0.19041.928)
Time: Wed May 26 08:48:05 2021 Hora est. Pacífico, Sudamérica elapsed time: 34.648597 seconds (0d 0h 0m 34s)

---------------  T H R E A D  ---------------

Current thread (0x000002ce73a960d0):  JavaThread "C2 CompilerThread0" daemon [_thread_in_native, id=11736, stack(0x000000d353500000,0x000000d353600000)]


Current CompileTask:
C2:  34648 4390       4       aj.org.objectweb.asm.Frame::execute (2318 bytes)

Stack: [0x000000d353500000,0x000000d353600000]
Native frames: (J=compiled Java code, j=interpreted, Vv=VM code, C=native code)
V  [jvm.dll+0x62ae9a]
V  [jvm.dll+0x7817a9]
V  [jvm.dll+0x782f03]
V  [jvm.dll+0x783563]
V  [jvm.dll+0x216325]
V  [jvm.dll+0x97f3a]
V  [jvm.dll+0x9861c]
V  [jvm.dll+0x32e2a8]
V  [jvm.dll+0x2f768a]
V  [jvm.dll+0x2f6a4a]
V  [jvm.dll+0x1ea705]
V  [jvm.dll+0x1e996e]
V  [jvm.dll+0x178567]
V  [jvm.dll+0x1f9225]
V  [jvm.dll+0x1f72cc]
V  [jvm.dll+0x74495d]
V  [jvm.dll+0x73d75a]
V  [jvm.dll+0x629c56]
C  [ucrtbase.dll+0x21bb2]
C  [KERNEL32.DLL+0x17034]
C  [ntdll.dll+0x52651]


---------------  P R O C E S S  ---------------

Threads class SMR info:
_java_thread_list=0x000002ce7571ea40, length=18, elements={
0x000002ce5c1501b0, 0x000002ce73a6b010, 0x000002ce73a6b9d0, 0x000002ce73a8e330,
0x000002ce73a8ebf0, 0x000002ce73a914c0, 0x000002ce73a960d0, 0x000002ce73abe970,
0x000002ce73c31ff0, 0x000002ce73ca2320, 0x000002ce73fde800, 0x000002ce75cdd220,
0x000002ce763d7550, 0x000002ce75720730, 0x000002ce75bc3ca0, 0x000002ce75bc4170,
0x000002ce75074420, 0x000002ce750730e0
}

Java Threads: ( => current thread )
  0x000002ce5c1501b0 JavaThread "main" [_thread_blocked, id=15372, stack(0x000000d352900000,0x000000d352a00000)]
  0x000002ce73a6b010 JavaThread "Reference Handler" daemon [_thread_blocked, id=13412, stack(0x000000d353000000,0x000000d353100000)]
  0x000002ce73a6b9d0 JavaThread "Finalizer" daemon [_thread_blocked, id=1620, stack(0x000000d353100000,0x000000d353200000)]
  0x000002ce73a8e330 JavaThread "Signal Dispatcher" daemon [_thread_blocked, id=8492, stack(0x000000d353200000,0x000000d353300000)]
  0x000002ce73a8ebf0 JavaThread "Attach Listener" daemon [_thread_blocked, id=3512, stack(0x000000d353300000,0x000000d353400000)]
  0x000002ce73a914c0 JavaThread "Service Thread" daemon [_thread_blocked, id=3092, stack(0x000000d353400000,0x000000d353500000)]
=>0x000002ce73a960d0 JavaThread "C2 CompilerThread0" daemon [_thread_in_native, id=11736, stack(0x000000d353500000,0x000000d353600000)]
  0x000002ce73abe970 JavaThread "C1 CompilerThread0" daemon [_thread_blocked, id=7180, stack(0x000000d353600000,0x000000d353700000)]
  0x000002ce73c31ff0 JavaThread "Sweeper thread" daemon [_thread_blocked, id=6628, stack(0x000000d353700000,0x000000d353800000)]
  0x000002ce73ca2320 JavaThread "Common-Cleaner" daemon [_thread_blocked, id=12636, stack(0x000000d353800000,0x000000d353900000)]
  0x000002ce73fde800 JavaThread "Notification Thread" daemon [_thread_blocked, id=16248, stack(0x000000d353900000,0x000000d353a00000)]
  0x000002ce75cdd220 JavaThread "ReaderThread" [_thread_in_native, id=12624, stack(0x000000d353d00000,0x000000d353e00000)]
  0x000002ce763d7550 JavaThread "Exec Default Executor" daemon [_thread_in_native, id=5420, stack(0x000000d354100000,0x000000d354200000)]
  0x000002ce75720730 JavaThread "UrlChecker-2" daemon [_thread_blocked, id=6680, stack(0x000000d354200000,0x000000d354300000)]
  0x000002ce75bc3ca0 JavaThread "Exec Stream Pumper" daemon [_thread_in_native, id=14296, stack(0x000000d354300000,0x000000d354400000)]
  0x000002ce75bc4170 JavaThread "Exec Stream Pumper" daemon [_thread_in_native, id=11608, stack(0x000000d354400000,0x000000d354500000)]
  0x000002ce75074420 JavaThread "OkHttp ConnectionPool" daemon [_thread_blocked, id=12068, stack(0x000000d354000000,0x000000d354100000)]
  0x000002ce750730e0 JavaThread "Okio Watchdog" daemon [_thread_blocked, id=10288, stack(0x000000d354500000,0x000000d354600000)]

Other Threads:
  0x000002ce5c21eb70 VMThread "VM Thread" [stack: 0x000000d352f00000,0x000000d353000000] [id=1744]
  0x000002ce5c151150 WatcherThread [stack: 0x000000d353a00000,0x000000d353b00000] [id=1384]
  0x000002ce5c17e820 GCTaskThread "GC Thread#0" [stack: 0x000000d352a00000,0x000000d352b00000] [id=1680]
  0x000002ce74103d30 GCTaskThread "GC Thread#1" [stack: 0x000000d353b00000,0x000000d353c00000] [id=12988]
  0x000002ce74104390 GCTaskThread "GC Thread#2" [stack: 0x000000d353e00000,0x000000d353f00000] [id=1528]
  0x000002ce741046c0 GCTaskThread "GC Thread#3" [stack: 0x000000d353f00000,0x000000d354000000] [id=9048]
  0x000002ce5c183750 ConcurrentGCThread "G1 Main Marker" [stack: 0x000000d352b00000,0x000000d352c00000] [id=6028]
  0x000002ce5a02de60 ConcurrentGCThread "G1 Conc#0" [stack: 0x000000d352c00000,0x000000d352d00000] [id=16300]
  0x000002ce5c1c0e70 ConcurrentGCThread "G1 Refine#0" [stack: 0x000000d352d00000,0x000000d352e00000] [id=7756]
  0x000002ce5c1c1880 ConcurrentGCThread "G1 Young RemSet Sampling" [stack: 0x000000d352e00000,0x000000d352f00000] [id=12404]

Threads with active compile tasks:
C2 CompilerThread0    34673 4390       4       aj.org.objectweb.asm.Frame::execute (2318 bytes)

VM state: not at safepoint (normal execution)

VM Mutex/Monitor currently owned by a thread: None

Heap address: 0x00000000c6800000, size: 920 MB, Compressed Oops mode: 32-bit
CDS disabled.
Compressed class space mapped at: 0x0000000100000000-0x0000000140000000, size: 1073741824
Narrow klass base: 0x0000000000000000, Narrow klass shift: 3, Narrow klass range: 0x140000000

GC Precious Log:
 CPUs: 4 total, 4 available
 Memory: 3676M
 Large Page Support: Disabled
 NUMA Support: Disabled
 Compressed Oops: Enabled (32-bit)
 Heap Region Size: 1M
 Heap Min Capacity: 8M
 Heap Initial Capacity: 58M
 Heap Max Capacity: 920M
 Pre-touch: Disabled
 Parallel Workers: 4
 Concurrent Workers: 1
 Concurrent Refinement Workers: 4
 Periodic GC: Disabled

Heap:
 garbage-first heap   total 73728K, used 42536K [0x00000000c6800000, 0x0000000100000000)
  region size 1024K, 8 young (8192K), 2 survivors (2048K)
 Metaspace       used 39260K, capacity 39616K, committed 39808K, reserved 1085440K
  class space    used 3982K, capacity 4115K, committed 4224K, reserved 1048576K

Heap Regions: E=young(eden), S=young(survivor), O=old, HS=humongous(starts), HC=humongous(continues), CS=collection set, F=free, OA=open archive, CA=closed archive, TAMS=top-at-mark-start (previous, next)
|   0|0x00000000c6800000, 0x00000000c6900000, 0x00000000c6900000|100%| O|  |TAMS 0x00000000c6900000, 0x00000000c6800000| Untracked 
|   1|0x00000000c6900000, 0x00000000c6a00000, 0x00000000c6a00000|100%| O|  |TAMS 0x00000000c6a00000, 0x00000000c6900000| Untracked 
|   2|0x00000000c6a00000, 0x00000000c6b00000, 0x00000000c6b00000|100%| O|  |TAMS 0x00000000c6b00000, 0x00000000c6a00000| Untracked 
|   3|0x00000000c6b00000, 0x00000000c6bd5400, 0x00000000c6c00000| 83%| O|  |TAMS 0x00000000c6bd5400, 0x00000000c6b00000| Untracked 
|   4|0x00000000c6c00000, 0x00000000c6d00000, 0x00000000c6d00000|100%| O|  |TAMS 0x00000000c6d00000, 0x00000000c6c00000| Untracked 
|   5|0x00000000c6d00000, 0x00000000c6e00000, 0x00000000c6e00000|100%| O|  |TAMS 0x00000000c6e00000, 0x00000000c6d00000| Untracked 
|   6|0x00000000c6e00000, 0x00000000c6f00000, 0x00000000c6f00000|100%| O|  |TAMS 0x00000000c6f00000, 0x00000000c6e00000| Untracked 
|   7|0x00000000c6f00000, 0x00000000c7000000, 0x00000000c7000000|100%| O|  |TAMS 0x00000000c7000000, 0x00000000c6f00000| Untracked 
|   8|0x00000000c7000000, 0x00000000c7100000, 0x00000000c7100000|100%| O|  |TAMS 0x00000000c7100000, 0x00000000c7000000| Untracked 
|   9|0x00000000c7100000, 0x00000000c7200000, 0x00000000c7200000|100%| O|  |TAMS 0x00000000c7200000, 0x00000000c7100000| Untracked 
|  10|0x00000000c7200000, 0x00000000c7300000, 0x00000000c7300000|100%| O|  |TAMS 0x00000000c7300000, 0x00000000c7200000| Untracked 
|  11|0x00000000c7300000, 0x00000000c7400000, 0x00000000c7400000|100%| O|  |TAMS 0x00000000c7400000, 0x00000000c7300000| Untracked 
|  12|0x00000000c7400000, 0x00000000c7500000, 0x00000000c7500000|100%| O|  |TAMS 0x00000000c7500000, 0x00000000c7400000| Untracked 
|  13|0x00000000c7500000, 0x00000000c7600000, 0x00000000c7600000|100%| O|  |TAMS 0x00000000c7600000, 0x00000000c7500000| Untracked 
|  14|0x00000000c7600000, 0x00000000c7700000, 0x00000000c7700000|100%| O|  |TAMS 0x00000000c7700000, 0x00000000c7600000| Untracked 
|  15|0x00000000c7700000, 0x00000000c7800000, 0x00000000c7800000|100%| O|  |TAMS 0x00000000c7800000, 0x00000000c7700000| Untracked 
|  16|0x00000000c7800000, 0x00000000c7900000, 0x00000000c7900000|100%| O|  |TAMS 0x00000000c7900000, 0x00000000c7800000| Untracked 
|  17|0x00000000c7900000, 0x00000000c7a00000, 0x00000000c7a00000|100%| O|  |TAMS 0x00000000c7a00000, 0x00000000c7900000| Untracked 
|  18|0x00000000c7a00000, 0x00000000c7b00000, 0x00000000c7b00000|100%| O|  |TAMS 0x00000000c7b00000, 0x00000000c7a00000| Untracked 
|  19|0x00000000c7b00000, 0x00000000c7c00000, 0x00000000c7c00000|100%| O|  |TAMS 0x00000000c7c00000, 0x00000000c7b00000| Untracked 
|  20|0x00000000c7c00000, 0x00000000c7d00000, 0x00000000c7d00000|100%| O|  |TAMS 0x00000000c7d00000, 0x00000000c7c00000| Untracked 
|  21|0x00000000c7d00000, 0x00000000c7e00000, 0x00000000c7e00000|100%| O|  |TAMS 0x00000000c7e00000, 0x00000000c7d00000| Untracked 
|  22|0x00000000c7e00000, 0x00000000c7f00000, 0x00000000c7f00000|100%| O|  |TAMS 0x00000000c7f00000, 0x00000000c7e00000| Untracked 
|  23|0x00000000c7f00000, 0x00000000c8000000, 0x00000000c8000000|100%| O|  |TAMS 0x00000000c8000000, 0x00000000c7f00000| Untracked 
|  24|0x00000000c8000000, 0x00000000c8100000, 0x00000000c8100000|100%| O|  |TAMS 0x00000000c8100000, 0x00000000c8000000| Untracked 
|  25|0x00000000c8100000, 0x00000000c8200000, 0x00000000c8200000|100%| O|  |TAMS 0x00000000c8200000, 0x00000000c8100000| Untracked 
|  26|0x00000000c8200000, 0x00000000c8300000, 0x00000000c8300000|100%| O|  |TAMS 0x00000000c8300000, 0x00000000c8200000| Untracked 
|  27|0x00000000c8300000, 0x00000000c8400000, 0x00000000c8400000|100%| O|  |TAMS 0x00000000c8400000, 0x00000000c8300000| Untracked 
|  28|0x00000000c8400000, 0x00000000c8500000, 0x00000000c8500000|100%| O|  |TAMS 0x00000000c8500000, 0x00000000c8400000| Untracked 
|  29|0x00000000c8500000, 0x00000000c8600000, 0x00000000c8600000|100%| O|  |TAMS 0x00000000c8600000, 0x00000000c8500000| Untracked 
|  30|0x00000000c8600000, 0x00000000c8700000, 0x00000000c8700000|100%| O|  |TAMS 0x00000000c8700000, 0x00000000c8600000| Untracked 
|  31|0x00000000c8700000, 0x00000000c8800000, 0x00000000c8800000|100%| O|  |TAMS 0x00000000c8800000, 0x00000000c8700000| Untracked 
|  32|0x00000000c8800000, 0x00000000c8900000, 0x00000000c8900000|100%| O|  |TAMS 0x00000000c8900000, 0x00000000c8800000| Untracked 
|  33|0x00000000c8900000, 0x00000000c8a00000, 0x00000000c8a00000|100%| O|  |TAMS 0x00000000c8a00000, 0x00000000c8900000| Untracked 
|  34|0x00000000c8a00000, 0x00000000c8b00000, 0x00000000c8b00000|100%| O|  |TAMS 0x00000000c8b00000, 0x00000000c8a00000| Untracked 
|  35|0x00000000c8b00000, 0x00000000c8b83200, 0x00000000c8c00000| 51%| O|  |TAMS 0x00000000c8b83200, 0x00000000c8b00000| Untracked 
|  36|0x00000000c8c00000, 0x00000000c8c00000, 0x00000000c8d00000|  0%| F|  |TAMS 0x00000000c8c00000, 0x00000000c8c00000| Untracked 
|  37|0x00000000c8d00000, 0x00000000c8d00000, 0x00000000c8e00000|  0%| F|  |TAMS 0x00000000c8d00000, 0x00000000c8d00000| Untracked 
|  38|0x00000000c8e00000, 0x00000000c8e00000, 0x00000000c8f00000|  0%| F|  |TAMS 0x00000000c8e00000, 0x00000000c8e00000| Untracked 
|  39|0x00000000c8f00000, 0x00000000c8f00000, 0x00000000c9000000|  0%| F|  |TAMS 0x00000000c8f00000, 0x00000000c8f00000| Untracked 
|  40|0x00000000c9000000, 0x00000000c9000000, 0x00000000c9100000|  0%| F|  |TAMS 0x00000000c9000000, 0x00000000c9000000| Untracked 
|  41|0x00000000c9100000, 0x00000000c9100000, 0x00000000c9200000|  0%| F|  |TAMS 0x00000000c9100000, 0x00000000c9100000| Untracked 
|  42|0x00000000c9200000, 0x00000000c9200000, 0x00000000c9300000|  0%| F|  |TAMS 0x00000000c9200000, 0x00000000c9200000| Untracked 
|  43|0x00000000c9300000, 0x00000000c9300000, 0x00000000c9400000|  0%| F|  |TAMS 0x00000000c9300000, 0x00000000c9300000| Untracked 
|  44|0x00000000c9400000, 0x00000000c9400000, 0x00000000c9500000|  0%| F|  |TAMS 0x00000000c9400000, 0x00000000c9400000| Untracked 
|  45|0x00000000c9500000, 0x00000000c9500000, 0x00000000c9600000|  0%| F|  |TAMS 0x00000000c9500000, 0x00000000c9500000| Untracked 
|  46|0x00000000c9600000, 0x00000000c9600000, 0x00000000c9700000|  0%| F|  |TAMS 0x00000000c9600000, 0x00000000c9600000| Untracked 
|  47|0x00000000c9700000, 0x00000000c9731bf0, 0x00000000c9800000| 19%| S|CS|TAMS 0x00000000c9700000, 0x00000000c9700000| Complete 
|  48|0x00000000c9800000, 0x00000000c9900000, 0x00000000c9900000|100%| S|CS|TAMS 0x00000000c9800000, 0x00000000c9800000| Complete 
|  49|0x00000000c9900000, 0x00000000c9900000, 0x00000000c9a00000|  0%| F|  |TAMS 0x00000000c9900000, 0x00000000c9900000| Untracked 
|  50|0x00000000c9a00000, 0x00000000c9a00000, 0x00000000c9b00000|  0%| F|  |TAMS 0x00000000c9a00000, 0x00000000c9a00000| Untracked 
|  51|0x00000000c9b00000, 0x00000000c9b00000, 0x00000000c9c00000|  0%| F|  |TAMS 0x00000000c9b00000, 0x00000000c9b00000| Untracked 
|  52|0x00000000c9c00000, 0x00000000c9c00000, 0x00000000c9d00000|  0%| F|  |TAMS 0x00000000c9c00000, 0x00000000c9c00000| Untracked 
|  53|0x00000000c9d00000, 0x00000000c9d00000, 0x00000000c9e00000|  0%| F|  |TAMS 0x00000000c9d00000, 0x00000000c9d00000| Untracked 
|  54|0x00000000c9e00000, 0x00000000c9e00000, 0x00000000c9f00000|  0%| F|  |TAMS 0x00000000c9e00000, 0x00000000c9e00000| Untracked 
|  55|0x00000000c9f00000, 0x00000000c9f00000, 0x00000000ca000000|  0%| F|  |TAMS 0x00000000c9f00000, 0x00000000c9f00000| Untracked 
|  56|0x00000000ca000000, 0x00000000ca000000, 0x00000000ca100000|  0%| F|  |TAMS 0x00000000ca000000, 0x00000000ca000000| Untracked 
|  57|0x00000000ca100000, 0x00000000ca100000, 0x00000000ca200000|  0%| F|  |TAMS 0x00000000ca100000, 0x00000000ca100000| Untracked 
|  58|0x00000000ca200000, 0x00000000ca200000, 0x00000000ca300000|  0%| F|  |TAMS 0x00000000ca200000, 0x00000000ca200000| Untracked 
|  59|0x00000000ca300000, 0x00000000ca300000, 0x00000000ca400000|  0%| F|  |TAMS 0x00000000ca300000, 0x00000000ca300000| Untracked 
|  60|0x00000000ca400000, 0x00000000ca400000, 0x00000000ca500000|  0%| F|  |TAMS 0x00000000ca400000, 0x00000000ca400000| Untracked 
|  61|0x00000000ca500000, 0x00000000ca500000, 0x00000000ca600000|  0%| F|  |TAMS 0x00000000ca500000, 0x00000000ca500000| Untracked 
|  62|0x00000000ca600000, 0x00000000ca600000, 0x00000000ca700000|  0%| F|  |TAMS 0x00000000ca600000, 0x00000000ca600000| Untracked 
|  63|0x00000000ca700000, 0x00000000ca700000, 0x00000000ca800000|  0%| F|  |TAMS 0x00000000ca700000, 0x00000000ca700000| Untracked 
|  64|0x00000000ca800000, 0x00000000ca800000, 0x00000000ca900000|  0%| F|  |TAMS 0x00000000ca800000, 0x00000000ca800000| Untracked 
|  65|0x00000000ca900000, 0x00000000ca900000, 0x00000000caa00000|  0%| F|  |TAMS 0x00000000ca900000, 0x00000000ca900000| Untracked 
|  66|0x00000000caa00000, 0x00000000caae8458, 0x00000000cab00000| 90%| E|  |TAMS 0x00000000caa00000, 0x00000000caa00000| Complete 
|  67|0x00000000cab00000, 0x00000000cac00000, 0x00000000cac00000|100%| E|CS|TAMS 0x00000000cab00000, 0x00000000cab00000| Complete 
|  68|0x00000000cac00000, 0x00000000cad00000, 0x00000000cad00000|100%| E|CS|TAMS 0x00000000cac00000, 0x00000000cac00000| Complete 
|  69|0x00000000cad00000, 0x00000000cae00000, 0x00000000cae00000|100%| E|CS|TAMS 0x00000000cad00000, 0x00000000cad00000| Complete 
|  70|0x00000000cae00000, 0x00000000caf00000, 0x00000000caf00000|100%| E|CS|TAMS 0x00000000cae00000, 0x00000000cae00000| Complete 
|  71|0x00000000caf00000, 0x00000000cb000000, 0x00000000cb000000|100%| E|CS|TAMS 0x00000000caf00000, 0x00000000caf00000| Complete 

Card table byte_map: [0x000002ce6ed30000,0x000002ce6ef00000] _byte_map_base: 0x000002ce6e6fc000

Marking Bits (Prev, Next): (CMBitMap*) 0x000002ce5c17ef60, (CMBitMap*) 0x000002ce5c17ef20
 Prev Bits: [0x000002ce6ff30000, 0x000002ce70d90000)
 Next Bits: [0x000002ce6f0d0000, 0x000002ce6ff30000)

Polling page: 0x000002ce5b920000

Metaspace:

Usage:
  Non-class:     34.67 MB capacity,    34.45 MB (>99%) used,   179.79 KB ( <1%) free+waste,    43.25 KB ( <1%) overhead. 
      Class:      4.02 MB capacity,     3.89 MB ( 97%) used,   118.56 KB (  3%) free+waste,    13.56 KB ( <1%) overhead. 
       Both:     38.69 MB capacity,    38.34 MB (>99%) used,   298.35 KB ( <1%) free+waste,    56.81 KB ( <1%) overhead. 

Virtual space:
  Non-class space:       36.00 MB reserved,      34.75 MB ( 97%) committed 
      Class space:        1.00 GB reserved,       4.12 MB ( <1%) committed 
             Both:        1.04 GB reserved,      38.88 MB (  4%) committed 

Chunk freelists:
   Non-Class:  19.00 KB
       Class:  13.00 KB
        Both:  32.00 KB

MaxMetaspaceSize: 17179869184.00 GB
CompressedClassSpaceSize: 1.00 GB

CodeHeap 'non-profiled nmethods': size=120000Kb used=2302Kb max_used=2302Kb free=117697Kb
 bounds [0x000002ce67630000, 0x000002ce678a0000, 0x000002ce6eb60000]
CodeHeap 'profiled nmethods': size=120000Kb used=9449Kb max_used=9449Kb free=110550Kb
 bounds [0x000002ce60100000, 0x000002ce60a40000, 0x000002ce67630000]
CodeHeap 'non-nmethods': size=5760Kb used=1278Kb max_used=1361Kb free=4482Kb
 bounds [0x000002ce5fb60000, 0x000002ce5fdd0000, 0x000002ce60100000]
 total_blobs=4807 nmethods=4243 adapters=476
 compilation: enabled
              stopped_count=0, restarted_count=0
 full_count=0

Compilation events (20 events):
Event: 15.712 Thread 0x000002ce73a960d0 nmethod 4270 0x000002ce6786c710 code [0x000002ce6786c880, 0x000002ce6786c9f8]
Event: 15.712 Thread 0x000002ce73a960d0 4258       4       java.util.Collections::emptySet (4 bytes)
Event: 15.713 Thread 0x000002ce73a960d0 nmethod 4258 0x000002ce6786ca90 code [0x000002ce6786cc00, 0x000002ce6786cc58]
Event: 15.713 Thread 0x000002ce73a960d0 3559       4       aj.org.objectweb.asm.ClassReader::readUnsignedShort (26 bytes)
Event: 15.714 Thread 0x000002ce73a960d0 nmethod 3559 0x000002ce6786cd90 code [0x000002ce6786cf00, 0x000002ce6786cfd8]
Event: 34.506 Thread 0x000002ce73abe970 4384       3       java.util.Collections$UnmodifiableCollection::contains (11 bytes)
Event: 34.507 Thread 0x000002ce73abe970 nmethod 4384 0x000002ce60a37610 code [0x000002ce60a377c0, 0x000002ce60a37988]
Event: 34.508 Thread 0x000002ce73a960d0 4385       4       jdk.internal.org.objectweb.asm.SymbolTable::addConstantUtf8 (98 bytes)
Event: 34.511 Thread 0x000002ce73abe970 4386       3       org.aspectj.apache.bcel.classfile.ConstantPool::lookupNameAndType (110 bytes)
Event: 34.513 Thread 0x000002ce73abe970 nmethod 4386 0x000002ce60a37a90 code [0x000002ce60a37ca0, 0x000002ce60a383d8]
Event: 34.514 Thread 0x000002ce73abe970 4388       3       aj.org.objectweb.asm.MethodVisitor::visitLabel (16 bytes)
Event: 34.514 Thread 0x000002ce73abe970 nmethod 4388 0x000002ce60a38710 code [0x000002ce60a388c0, 0x000002ce60a38aa8]
Event: 34.514 Thread 0x000002ce73abe970 4389       3       aj.org.objectweb.asm.Frame::push (109 bytes)
Event: 34.515 Thread 0x000002ce73abe970 nmethod 4389 0x000002ce60a38b90 code [0x000002ce60a38d60, 0x000002ce60a392c8]
Event: 34.516 Thread 0x000002ce73abe970 4391       3       aj.org.objectweb.asm.SymbolTable::addType (81 bytes)
Event: 34.516 Thread 0x000002ce73abe970 nmethod 4391 0x000002ce60a39490 code [0x000002ce60a39680, 0x000002ce60a39bb8]
Event: 34.517 Thread 0x000002ce73abe970 4392       3       aj.org.objectweb.asm.ClassReader::readUtf (44 bytes)
Event: 34.517 Thread 0x000002ce73abe970 nmethod 4392 0x000002ce60a39e90 code [0x000002ce60a3a060, 0x000002ce60a3a438]
Event: 34.587 Thread 0x000002ce73a960d0 nmethod 4385 0x000002ce6786d110 code [0x000002ce6786d300, 0x000002ce6786ef08]
Event: 34.587 Thread 0x000002ce73a960d0 4390       4       aj.org.objectweb.asm.Frame::execute (2318 bytes)

GC Heap History (20 events):
Event: 7.069 GC heap before
{Heap before GC invocations=20 (full 0):
 garbage-first heap   total 49152K, used 39079K [0x00000000c6800000, 0x0000000100000000)
  region size 1024K, 17 young (17408K), 3 survivors (3072K)
 Metaspace       used 30748K, capacity 31074K, committed 31360K, reserved 1077248K
  class space    used 2970K, capacity 3088K, committed 3200K, reserved 1048576K
}
Event: 7.074 GC heap after
{Heap after GC invocations=21 (full 0):
 garbage-first heap   total 59392K, used 26288K [0x00000000c6800000, 0x0000000100000000)
  region size 1024K, 3 young (3072K), 3 survivors (3072K)
 Metaspace       used 30748K, capacity 31074K, committed 31360K, reserved 1077248K
  class space    used 2970K, capacity 3088K, committed 3200K, reserved 1048576K
}
Event: 7.433 GC heap before
{Heap before GC invocations=22 (full 0):
 garbage-first heap   total 59392K, used 45744K [0x00000000c6800000, 0x0000000100000000)
  region size 1024K, 22 young (22528K), 3 survivors (3072K)
 Metaspace       used 31584K, capacity 31881K, committed 32128K, reserved 1079296K
  class space    used 3085K, capacity 3185K, committed 3200K, reserved 1048576K
}
Event: 7.439 GC heap after
{Heap after GC invocations=23 (full 0):
 garbage-first heap   total 59392K, used 28467K [0x00000000c6800000, 0x0000000100000000)
  region size 1024K, 3 young (3072K), 3 survivors (3072K)
 Metaspace       used 31584K, capacity 31881K, committed 32128K, reserved 1079296K
  class space    used 3085K, capacity 3185K, committed 3200K, reserved 1048576K
}
Event: 7.685 GC heap before
{Heap before GC invocations=23 (full 0):
 garbage-first heap   total 59392K, used 45875K [0x00000000c6800000, 0x0000000100000000)
  region size 1024K, 20 young (20480K), 3 survivors (3072K)
 Metaspace       used 32358K, capacity 32617K, committed 32768K, reserved 1079296K
  class space    used 3185K, capacity 3281K, committed 3328K, reserved 1048576K
}
Event: 7.689 GC heap after
{Heap after GC invocations=24 (full 0):
 garbage-first heap   total 59392K, used 30409K [0x00000000c6800000, 0x0000000100000000)
  region size 1024K, 2 young (2048K), 2 survivors (2048K)
 Metaspace       used 32358K, capacity 32617K, committed 32768K, reserved 1079296K
  class space    used 3185K, capacity 3281K, committed 3328K, reserved 1048576K
}
Event: 8.518 GC heap before
{Heap before GC invocations=24 (full 0):
 garbage-first heap   total 59392K, used 46793K [0x00000000c6800000, 0x0000000100000000)
  region size 1024K, 18 young (18432K), 2 survivors (2048K)
 Metaspace       used 33190K, capacity 33499K, committed 33664K, reserved 1079296K
  class space    used 3299K, capacity 3383K, committed 3456K, reserved 1048576K
}
Event: 8.525 GC heap after
{Heap after GC invocations=25 (full 0):
 garbage-first heap   total 59392K, used 32190K [0x00000000c6800000, 0x0000000100000000)
  region size 1024K, 2 young (2048K), 2 survivors (2048K)
 Metaspace       used 33190K, capacity 33499K, committed 33664K, reserved 1079296K
  class space    used 3299K, capacity 3383K, committed 3456K, reserved 1048576K
}
Event: 9.016 GC heap before
{Heap before GC invocations=26 (full 0):
 garbage-first heap   total 59392K, used 47550K [0x00000000c6800000, 0x0000000100000000)
  region size 1024K, 17 young (17408K), 2 survivors (2048K)
 Metaspace       used 34080K, capacity 34396K, committed 34560K, reserved 1081344K
  class space    used 3444K, capacity 3554K, committed 3584K, reserved 1048576K
}
Event: 9.020 GC heap after
{Heap after GC invocations=27 (full 0):
 garbage-first heap   total 71680K, used 33651K [0x00000000c6800000, 0x0000000100000000)
  region size 1024K, 2 young (2048K), 2 survivors (2048K)
 Metaspace       used 34080K, capacity 34396K, committed 34560K, reserved 1081344K
  class space    used 3444K, capacity 3554K, committed 3584K, reserved 1048576K
}
Event: 9.407 GC heap before
{Heap before GC invocations=27 (full 0):
 garbage-first heap   total 71680K, used 56179K [0x00000000c6800000, 0x0000000100000000)
  region size 1024K, 24 young (24576K), 2 survivors (2048K)
 Metaspace       used 35423K, capacity 35714K, committed 35840K, reserved 1081344K
  class space    used 3627K, capacity 3716K, committed 3840K, reserved 1048576K
}
Event: 9.411 GC heap after
{Heap after GC invocations=28 (full 0):
 garbage-first heap   total 71680K, used 35155K [0x00000000c6800000, 0x0000000100000000)
  region size 1024K, 2 young (2048K), 2 survivors (2048K)
 Metaspace       used 35423K, capacity 35714K, committed 35840K, reserved 1081344K
  class space    used 3627K, capacity 3716K, committed 3840K, reserved 1048576K
}
Event: 13.431 GC heap before
{Heap before GC invocations=29 (full 0):
 garbage-first heap   total 71680K, used 57683K [0x00000000c6800000, 0x0000000100000000)
  region size 1024K, 24 young (24576K), 2 survivors (2048K)
 Metaspace       used 36972K, capacity 37285K, committed 37504K, reserved 1083392K
  class space    used 3754K, capacity 3877K, committed 3968K, reserved 1048576K
}
Event: 13.437 GC heap after
{Heap after GC invocations=30 (full 0):
 garbage-first heap   total 71680K, used 36903K [0x00000000c6800000, 0x0000000100000000)
  region size 1024K, 2 young (2048K), 2 survivors (2048K)
 Metaspace       used 36972K, capacity 37285K, committed 37504K, reserved 1083392K
  class space    used 3754K, capacity 3877K, committed 3968K, reserved 1048576K
}
Event: 13.945 GC heap before
{Heap before GC invocations=30 (full 0):
 garbage-first heap   total 71680K, used 57383K [0x00000000c6800000, 0x0000000100000000)
  region size 1024K, 22 young (22528K), 2 survivors (2048K)
 Metaspace       used 37391K, capacity 37669K, committed 37760K, reserved 1083392K
  class space    used 3762K, capacity 3877K, committed 3968K, reserved 1048576K
}
Event: 13.950 GC heap after
{Heap after GC invocations=31 (full 0):
 garbage-first heap   total 71680K, used 37598K [0x00000000c6800000, 0x0000000100000000)
  region size 1024K, 3 young (3072K), 3 survivors (3072K)
 Metaspace       used 37391K, capacity 37669K, committed 37760K, reserved 1083392K
  class space    used 3762K, capacity 3877K, committed 3968K, reserved 1048576K
}
Event: 14.331 GC heap before
{Heap before GC invocations=32 (full 0):
 garbage-first heap   total 73728K, used 57054K [0x00000000c6800000, 0x0000000100000000)
  region size 1024K, 22 young (22528K), 3 survivors (3072K)
 Metaspace       used 37649K, capacity 37925K, committed 38016K, reserved 1083392K
  class space    used 3768K, capacity 3877K, committed 3968K, reserved 1048576K
}
Event: 14.334 GC heap after
{Heap after GC invocations=33 (full 0):
 garbage-first heap   total 73728K, used 37529K [0x00000000c6800000, 0x0000000100000000)
  region size 1024K, 2 young (2048K), 2 survivors (2048K)
 Metaspace       used 37649K, capacity 37925K, committed 38016K, reserved 1083392K
  class space    used 3768K, capacity 3877K, committed 3968K, reserved 1048576K
}
Event: 14.768 GC heap before
{Heap before GC invocations=33 (full 0):
 garbage-first heap   total 73728K, used 58009K [0x00000000c6800000, 0x0000000100000000)
  region size 1024K, 23 young (23552K), 2 survivors (2048K)
 Metaspace       used 38366K, capacity 38679K, committed 38912K, reserved 1083392K
  class space    used 3855K, capacity 3976K, committed 4096K, reserved 1048576K
}
Event: 14.770 GC heap after
{Heap after GC invocations=34 (full 0):
 garbage-first heap   total 73728K, used 37416K [0x00000000c6800000, 0x0000000100000000)
  region size 1024K, 2 young (2048K), 2 survivors (2048K)
 Metaspace       used 38366K, capacity 38679K, committed 38912K, reserved 1083392K
  class space    used 3855K, capacity 3976K, committed 4096K, reserved 1048576K
}

Deoptimization events (20 events):
Event: 15.041 Thread 0x000002ce5c1501b0 Uncommon trap: trap_request=0xffffff54 fr.pc=0x000002ce67833fb4 relative=0x0000000000002594
Event: 15.041 Thread 0x000002ce5c1501b0 Uncommon trap: reason=speculate_null_assert action=make_not_entrant pc=0x000002ce67833fb4 method=org.aspectj.apache.bcel.classfile.ConstantPool.lookupFieldref(Ljava/lang/String;Ljava/lang/String;Ljava/lang/String;)I @ 51 c2
Event: 15.041 Thread 0x000002ce5c1501b0 DEOPT PACKING pc=0x000002ce67833fb4 sp=0x000000d3529fa510
Event: 15.041 Thread 0x000002ce5c1501b0 DEOPT UNPACKING pc=0x000002ce5fbae42f sp=0x000000d3529fa498 mode 2
Event: 15.041 Thread 0x000002ce5c1501b0 Uncommon trap: trap_request=0xffffff45 fr.pc=0x000002ce6783c570 relative=0x0000000000000330
Event: 15.041 Thread 0x000002ce5c1501b0 Uncommon trap: reason=unstable_if action=reinterpret pc=0x000002ce6783c570 method=org.aspectj.apache.bcel.classfile.ConstantPool.lookupNameAndType(Ljava/lang/String;Ljava/lang/String;)I @ 94 c2
Event: 15.041 Thread 0x000002ce5c1501b0 DEOPT PACKING pc=0x000002ce6783c570 sp=0x000000d3529fa450
Event: 15.041 Thread 0x000002ce5c1501b0 DEOPT UNPACKING pc=0x000002ce5fbae42f sp=0x000000d3529fa3d0 mode 2
Event: 15.042 Thread 0x000002ce5c1501b0 Uncommon trap: trap_request=0xffffff45 fr.pc=0x000002ce677a6ea4 relative=0x00000000000019a4
Event: 15.042 Thread 0x000002ce5c1501b0 Uncommon trap: reason=unstable_if action=reinterpret pc=0x000002ce677a6ea4 method=org.aspectj.apache.bcel.classfile.FieldOrMethod.getAnnotations()[Lorg/aspectj/apache/bcel/classfile/annotation/AnnotationGen; @ 4 c2
Event: 15.042 Thread 0x000002ce5c1501b0 DEOPT PACKING pc=0x000002ce677a6ea4 sp=0x000000d3529fa750
Event: 15.042 Thread 0x000002ce5c1501b0 DEOPT UNPACKING pc=0x000002ce5fbae42f sp=0x000000d3529fa6c8 mode 2
Event: 15.042 Thread 0x000002ce5c1501b0 Uncommon trap: trap_request=0xffffff45 fr.pc=0x000002ce677c58e8 relative=0x0000000000000148
Event: 15.042 Thread 0x000002ce5c1501b0 Uncommon trap: reason=unstable_if action=reinterpret pc=0x000002ce677c58e8 method=org.aspectj.weaver.bcel.Utility.readAjAttributes(Ljava/lang/String;[Lorg/aspectj/apache/bcel/classfile/Attribute;Lorg/aspectj/weaver/ISourceContext;Lorg/aspectj/weaver/World
Event: 15.042 Thread 0x000002ce5c1501b0 DEOPT PACKING pc=0x000002ce677c58e8 sp=0x000000d3529fa670
Event: 15.042 Thread 0x000002ce5c1501b0 DEOPT UNPACKING pc=0x000002ce5fbae42f sp=0x000000d3529fa5e0 mode 2
Event: 15.049 Thread 0x000002ce5c1501b0 Uncommon trap: trap_request=0xffffff45 fr.pc=0x000002ce6779e48c relative=0x0000000000000a4c
Event: 15.049 Thread 0x000002ce5c1501b0 Uncommon trap: reason=unstable_if action=reinterpret pc=0x000002ce6779e48c method=org.aspectj.weaver.ResolvedType.ensureAnnotationBitsInitialized()V @ 8 c2
Event: 15.049 Thread 0x000002ce5c1501b0 DEOPT PACKING pc=0x000002ce6779e48c sp=0x000000d3529fabe0
Event: 15.049 Thread 0x000002ce5c1501b0 DEOPT UNPACKING pc=0x000002ce5fbae42f sp=0x000000d3529faa80 mode 2

Classes unloaded (0 events):
No events

Classes redefined (0 events):
No events

Internal exceptions (20 events):
Event: 15.031 Thread 0x000002ce5c1501b0 Exception <a 'java/lang/IncompatibleClassChangeError'{0x00000000cacf83e0}: Found class java.lang.Object, but interface was expected> (0x00000000cacf83e0) 
thrown [./open/src/hotspot/share/interpreter/linkResolver.cpp, line 848]
Event: 15.031 Thread 0x000002ce5c1501b0 Exception <a 'java/lang/IncompatibleClassChangeError'{0x00000000cacfba40}: Found class java.lang.Object, but interface was expected> (0x00000000cacfba40) 
thrown [./open/src/hotspot/share/interpreter/linkResolver.cpp, line 848]
Event: 15.033 Thread 0x000002ce5c1501b0 Exception <a 'java/lang/IncompatibleClassChangeError'{0x00000000cab0b948}: Found class java.lang.Object, but interface was expected> (0x00000000cab0b948) 
thrown [./open/src/hotspot/share/interpreter/linkResolver.cpp, line 848]
Event: 15.037 Thread 0x000002ce5c1501b0 Exception <a 'java/lang/ArrayIndexOutOfBoundsException'{0x00000000cab305c0}: Index 11 out of bounds for length 11> (0x00000000cab305c0) 
thrown [./open/src/hotspot/share/interpreter/interpreterRuntime.cpp, line 443]
Event: 15.037 Thread 0x000002ce5c1501b0 Exception <a 'java/lang/ArrayIndexOutOfBoundsException'{0x00000000cab30b88}: Index 11 out of bounds for length 11> (0x00000000cab30b88) 
thrown [./open/src/hotspot/share/interpreter/interpreterRuntime.cpp, line 443]
Event: 15.037 Thread 0x000002ce5c1501b0 Exception <a 'java/lang/ArrayIndexOutOfBoundsException'{0x00000000cab31150}: Index 11 out of bounds for length 11> (0x00000000cab31150) 
thrown [./open/src/hotspot/share/interpreter/interpreterRuntime.cpp, line 443]
Event: 15.038 Thread 0x000002ce5c1501b0 Exception <a 'java/lang/ArrayIndexOutOfBoundsException'{0x00000000cab325b8}: Index 9 out of bounds for length 9> (0x00000000cab325b8) 
thrown [./open/src/hotspot/share/interpreter/interpreterRuntime.cpp, line 443]
Event: 15.038 Thread 0x000002ce5c1501b0 Exception <a 'java/lang/ArrayIndexOutOfBoundsException'{0x00000000cab32b80}: Index 9 out of bounds for length 9> (0x00000000cab32b80) 
thrown [./open/src/hotspot/share/interpreter/interpreterRuntime.cpp, line 443]
Event: 15.038 Thread 0x000002ce5c1501b0 Exception <a 'java/lang/ArrayIndexOutOfBoundsException'{0x00000000cab33148}: Index 9 out of bounds for length 9> (0x00000000cab33148) 
thrown [./open/src/hotspot/share/interpreter/interpreterRuntime.cpp, line 443]
Event: 15.038 Thread 0x000002ce5c1501b0 Exception <a 'java/lang/ArrayIndexOutOfBoundsException'{0x00000000cab399c0}: Index 7 out of bounds for length 7> (0x00000000cab399c0) 
thrown [./open/src/hotspot/share/interpreter/interpreterRuntime.cpp, line 443]
Event: 15.038 Thread 0x000002ce5c1501b0 Exception <a 'java/lang/ArrayIndexOutOfBoundsException'{0x00000000cab39f88}: Index 7 out of bounds for length 7> (0x00000000cab39f88) 
thrown [./open/src/hotspot/share/interpreter/interpreterRuntime.cpp, line 443]
Event: 15.038 Thread 0x000002ce5c1501b0 Exception <a 'java/lang/ArrayIndexOutOfBoundsException'{0x00000000cab3a550}: Index 7 out of bounds for length 7> (0x00000000cab3a550) 
thrown [./open/src/hotspot/share/interpreter/interpreterRuntime.cpp, line 443]
Event: 15.039 Thread 0x000002ce5c1501b0 Exception <a 'java/lang/ArrayIndexOutOfBoundsException'{0x00000000cab3d620}: Index 7 out of bounds for length 7> (0x00000000cab3d620) 
thrown [./open/src/hotspot/share/interpreter/interpreterRuntime.cpp, line 443]
Event: 15.039 Thread 0x000002ce5c1501b0 Exception <a 'java/lang/ArrayIndexOutOfBoundsException'{0x00000000cab3dbe8}: Index 7 out of bounds for length 7> (0x00000000cab3dbe8) 
thrown [./open/src/hotspot/share/interpreter/interpreterRuntime.cpp, line 443]
Event: 15.040 Thread 0x000002ce5c1501b0 Exception <a 'java/lang/ArrayIndexOutOfBoundsException'{0x00000000cab3e1b0}: Index 7 out of bounds for length 7> (0x00000000cab3e1b0) 
thrown [./open/src/hotspot/share/interpreter/interpreterRuntime.cpp, line 443]
Event: 15.040 Thread 0x000002ce5c1501b0 Exception <a 'java/lang/ArrayIndexOutOfBoundsException'{0x00000000cab40f80}: Index 7 out of bounds for length 7> (0x00000000cab40f80) 
thrown [./open/src/hotspot/share/interpreter/interpreterRuntime.cpp, line 443]
Event: 15.040 Thread 0x000002ce5c1501b0 Exception <a 'java/lang/ArrayIndexOutOfBoundsException'{0x00000000cab41548}: Index 7 out of bounds for length 7> (0x00000000cab41548) 
thrown [./open/src/hotspot/share/interpreter/interpreterRuntime.cpp, line 443]
Event: 15.040 Thread 0x000002ce5c1501b0 Exception <a 'java/lang/ArrayIndexOutOfBoundsException'{0x00000000cab41b10}: Index 7 out of bounds for length 7> (0x00000000cab41b10) 
thrown [./open/src/hotspot/share/interpreter/interpreterRuntime.cpp, line 443]
Event: 15.091 Thread 0x000002ce5c1501b0 Exception <a 'java/lang/IncompatibleClassChangeError'{0x00000000caa1b610}: Found class java.lang.Object, but interface was expected> (0x00000000caa1b610) 
thrown [./open/src/hotspot/share/interpreter/linkResolver.cpp, line 848]
Event: 15.092 Thread 0x000002ce5c1501b0 Exception <a 'java/lang/IncompatibleClassChangeError'{0x00000000caa22f00}: Found class java.lang.Object, but interface was expected> (0x00000000caa22f00) 
thrown [./open/src/hotspot/share/interpreter/linkResolver.cpp, line 848]

Events (20 events):
Event: 14.983 loading class java/util/stream/Node$OfDouble done
Event: 14.983 loading class java/util/stream/Nodes$EmptyNode$OfDouble done
Event: 14.983 loading class java/util/stream/Nodes$FixedNodeBuilder
Event: 14.984 loading class java/util/stream/Node$Builder
Event: 14.984 loading class java/util/stream/Node$Builder done
Event: 14.984 loading class java/util/stream/Nodes$ArrayNode
Event: 14.984 loading class java/util/stream/Nodes$ArrayNode done
Event: 14.984 loading class java/util/stream/Nodes$FixedNodeBuilder done
Event: 14.985 loading class sun/security/provider/MD5
Event: 14.985 loading class sun/security/provider/MD5 done
Event: 15.020 loading class java/util/stream/SortedOps
Event: 15.021 loading class java/util/stream/SortedOps done
Event: 15.021 loading class java/util/stream/SortedOps$OfRef
Event: 15.021 loading class java/util/stream/SortedOps$OfRef done
Event: 15.021 loading class java/util/stream/SortedOps$SizedRefSortingSink
Event: 15.022 loading class java/util/stream/SortedOps$AbstractRefSortingSink
Event: 15.022 loading class java/util/stream/SortedOps$AbstractRefSortingSink done
Event: 15.022 loading class java/util/stream/SortedOps$SizedRefSortingSink done
Event: 15.089 loading class java/util/stream/Streams$RangeIntSpliterator
Event: 15.089 loading class java/util/stream/Streams$RangeIntSpliterator done


Dynamic libraries:
0x00007ff7d9700000 - 0x00007ff7d970d000 	C:\Users\maria.beltran\.p2\pool\plugins\org.eclipse.justj.openjdk.hotspot.jre.full.win32.x86_64_15.0.2.v20210201-0955\jre\bin\javaw.exe
0x00007ffcfac70000 - 0x00007ffcfae65000 	C:\Windows\SYSTEM32\ntdll.dll
0x00007ffcfa890000 - 0x00007ffcfa94d000 	C:\Windows\System32\KERNEL32.DLL
0x00007ffcf8840000 - 0x00007ffcf8b08000 	C:\Windows\System32\KERNELBASE.dll
0x00007ffcf8710000 - 0x00007ffcf8810000 	C:\Windows\System32\ucrtbase.dll
0x00007ffcf4390000 - 0x00007ffcf43a8000 	C:\Users\maria.beltran\.p2\pool\plugins\org.eclipse.justj.openjdk.hotspot.jre.full.win32.x86_64_15.0.2.v20210201-0955\jre\bin\jli.dll
0x00007ffcfa580000 - 0x00007ffcfa720000 	C:\Windows\System32\USER32.dll
0x00007ffcf8810000 - 0x00007ffcf8832000 	C:\Windows\System32\win32u.dll
0x00007ffcfa720000 - 0x00007ffcfa74a000 	C:\Windows\System32\GDI32.dll
0x00007ffcf8b60000 - 0x00007ffcf8c6b000 	C:\Windows\System32\gdi32full.dll
0x00007ffcf83b0000 - 0x00007ffcf844d000 	C:\Windows\System32\msvcp_win.dll
0x00007ffcf42e0000 - 0x00007ffcf42f9000 	C:\Users\maria.beltran\.p2\pool\plugins\org.eclipse.justj.openjdk.hotspot.jre.full.win32.x86_64_15.0.2.v20210201-0955\jre\bin\VCRUNTIME140.dll
0x00007ffce66f0000 - 0x00007ffce698a000 	C:\Windows\WinSxS\amd64_microsoft.windows.common-controls_6595b64144ccf1df_6.0.19041.844_none_ca00b6081b84eb1d\COMCTL32.dll
0x00007ffcf9830000 - 0x00007ffcf98ce000 	C:\Windows\System32\msvcrt.dll
0x00007ffcfa760000 - 0x00007ffcfa790000 	C:\Windows\System32\IMM32.DLL
0x00007ffcf43e0000 - 0x00007ffcf43ec000 	C:\Users\maria.beltran\.p2\pool\plugins\org.eclipse.justj.openjdk.hotspot.jre.full.win32.x86_64_15.0.2.v20210201-0955\jre\bin\vcruntime140_1.dll
0x00007ffcd8310000 - 0x00007ffcd83a1000 	C:\Users\maria.beltran\.p2\pool\plugins\org.eclipse.justj.openjdk.hotspot.jre.full.win32.x86_64_15.0.2.v20210201-0955\jre\bin\msvcp140.dll
0x00007ffca4d50000 - 0x00007ffca58ae000 	C:\Users\maria.beltran\.p2\pool\plugins\org.eclipse.justj.openjdk.hotspot.jre.full.win32.x86_64_15.0.2.v20210201-0955\jre\bin\server\jvm.dll
0x00007ffcfa450000 - 0x00007ffcfa4fc000 	C:\Windows\System32\ADVAPI32.dll
0x00007ffcf9930000 - 0x00007ffcf99cb000 	C:\Windows\System32\sechost.dll
0x00007ffcf99e0000 - 0x00007ffcf9b0b000 	C:\Windows\System32\RPCRT4.dll
0x00007ffcfa570000 - 0x00007ffcfa578000 	C:\Windows\System32\PSAPI.DLL
0x00007ffce5f70000 - 0x00007ffce5f79000 	C:\Windows\SYSTEM32\WSOCK32.dll
0x00007ffcfa500000 - 0x00007ffcfa56b000 	C:\Windows\System32\WS2_32.dll
0x00007ffce5e80000 - 0x00007ffce5e8a000 	C:\Windows\SYSTEM32\VERSION.dll
0x00007ffcdb490000 - 0x00007ffcdb4b7000 	C:\Windows\SYSTEM32\WINMM.dll
0x00007ffcf6b60000 - 0x00007ffcf6b72000 	C:\Windows\SYSTEM32\kernel.appcore.dll
0x00007ffcf19b0000 - 0x00007ffcf19ba000 	C:\Users\maria.beltran\.p2\pool\plugins\org.eclipse.justj.openjdk.hotspot.jre.full.win32.x86_64_15.0.2.v20210201-0955\jre\bin\jimage.dll
0x00007ffcf60d0000 - 0x00007ffcf62b4000 	C:\Windows\SYSTEM32\DBGHELP.DLL
0x00007ffcdb130000 - 0x00007ffcdb15c000 	C:\Windows\SYSTEM32\dbgcore.DLL
0x00007ffcf8450000 - 0x00007ffcf84d0000 	C:\Windows\System32\bcryptPrimitives.dll
0x00007ffcf4380000 - 0x00007ffcf438e000 	C:\Users\maria.beltran\.p2\pool\plugins\org.eclipse.justj.openjdk.hotspot.jre.full.win32.x86_64_15.0.2.v20210201-0955\jre\bin\instrument.dll
0x00007ffcba800000 - 0x00007ffcba825000 	C:\Users\maria.beltran\.p2\pool\plugins\org.eclipse.justj.openjdk.hotspot.jre.full.win32.x86_64_15.0.2.v20210201-0955\jre\bin\java.dll
0x00007ffcc1190000 - 0x00007ffcc11a8000 	C:\Users\maria.beltran\.p2\pool\plugins\org.eclipse.justj.openjdk.hotspot.jre.full.win32.x86_64_15.0.2.v20210201-0955\jre\bin\zip.dll
0x00007ffcf9b10000 - 0x00007ffcfa252000 	C:\Windows\System32\SHELL32.dll
0x00007ffcf63c0000 - 0x00007ffcf6b50000 	C:\Windows\SYSTEM32\windows.storage.dll
0x00007ffcf8eb0000 - 0x00007ffcf9205000 	C:\Windows\System32\combase.dll
0x00007ffcf7e20000 - 0x00007ffcf7e4c000 	C:\Windows\SYSTEM32\Wldp.dll
0x00007ffcfa260000 - 0x00007ffcfa30e000 	C:\Windows\System32\SHCORE.dll
0x00007ffcf8e50000 - 0x00007ffcf8ea5000 	C:\Windows\System32\shlwapi.dll
0x00007ffcf82f0000 - 0x00007ffcf830f000 	C:\Windows\SYSTEM32\profapi.dll
0x00007ffcc1140000 - 0x00007ffcc1159000 	C:\Users\maria.beltran\.p2\pool\plugins\org.eclipse.justj.openjdk.hotspot.jre.full.win32.x86_64_15.0.2.v20210201-0955\jre\bin\net.dll
0x00007ffcf7440000 - 0x00007ffcf754b000 	C:\Windows\SYSTEM32\WINHTTP.dll
0x00007ffcf7b90000 - 0x00007ffcf7bfa000 	C:\Windows\system32\mswsock.dll
0x00007ffcba890000 - 0x00007ffcba8a2000 	C:\Users\maria.beltran\.p2\pool\plugins\org.eclipse.justj.openjdk.hotspot.jre.full.win32.x86_64_15.0.2.v20210201-0955\jre\bin\nio.dll
0x00007ffcf7870000 - 0x00007ffcf793c000 	C:\Windows\SYSTEM32\DNSAPI.dll
0x00007ffcf7830000 - 0x00007ffcf786b000 	C:\Windows\SYSTEM32\IPHLPAPI.DLL
0x00007ffcfa750000 - 0x00007ffcfa758000 	C:\Windows\System32\NSI.dll
0x00007ffce8850000 - 0x00007ffce885a000 	C:\Windows\System32\rasadhlp.dll
0x00007ffcf1810000 - 0x00007ffcf188f000 	C:\Windows\System32\fwpuclnt.dll
0x00007ffcf84d0000 - 0x00007ffcf84f7000 	C:\Windows\System32\bcrypt.dll
0x00007ffcf7d60000 - 0x00007ffcf7d78000 	C:\Windows\SYSTEM32\CRYPTSP.dll
0x00007ffcf73b0000 - 0x00007ffcf73e4000 	C:\Windows\system32\rsaenh.dll
0x00007ffcf82b0000 - 0x00007ffcf82de000 	C:\Windows\SYSTEM32\USERENV.dll
0x00007ffcf7d80000 - 0x00007ffcf7d8c000 	C:\Windows\SYSTEM32\CRYPTBASE.dll
0x00007ffcf0a30000 - 0x00007ffcf0a47000 	C:\Windows\SYSTEM32\dhcpcsvc6.DLL
0x00007ffcf0880000 - 0x00007ffcf089d000 	C:\Windows\SYSTEM32\dhcpcsvc.DLL
0x00007ffcf1d70000 - 0x00007ffcf1d7d000 	C:\Users\maria.beltran\.p2\pool\plugins\org.eclipse.justj.openjdk.hotspot.jre.full.win32.x86_64_15.0.2.v20210201-0955\jre\bin\sunmscapi.dll
0x00007ffcf85b0000 - 0x00007ffcf870f000 	C:\Windows\System32\CRYPT32.dll
0x00007ffcf7e90000 - 0x00007ffcf7eb7000 	C:\Windows\SYSTEM32\ncrypt.dll
0x00007ffcf7e50000 - 0x00007ffcf7e8b000 	C:\Windows\SYSTEM32\NTASN1.dll
0x00007ffcb8f60000 - 0x00007ffcb8f70000 	C:\Users\maria.beltran\.p2\pool\plugins\org.eclipse.justj.openjdk.hotspot.jre.full.win32.x86_64_15.0.2.v20210201-0955\jre\bin\verify.dll
0x00007ffcf4360000 - 0x00007ffcf4369000 	C:\Users\maria.beltran\.p2\pool\plugins\org.eclipse.justj.openjdk.hotspot.jre.full.win32.x86_64_15.0.2.v20210201-0955\jre\bin\prefs.dll
0x00007ffcf19e0000 - 0x00007ffcf19f7000 	C:\Windows\system32\napinsp.dll
0x00007ffcf1a00000 - 0x00007ffcf1a1b000 	C:\Windows\system32\pnrpnsp.dll
0x00007ffcf1a20000 - 0x00007ffcf1a35000 	C:\Windows\system32\wshbth.dll
0x00007ffcf5010000 - 0x00007ffcf502d000 	C:\Windows\system32\NLAapi.dll
0x00007ffcf1a40000 - 0x00007ffcf1a52000 	C:\Windows\System32\winrnr.dll
0x00007ffcedda0000 - 0x00007ffcedda9000 	C:\Users\maria.beltran\.p2\pool\plugins\org.eclipse.justj.openjdk.hotspot.jre.full.win32.x86_64_15.0.2.v20210201-0955\jre\bin\management.dll
0x00007ffce82a0000 - 0x00007ffce82ab000 	C:\Users\maria.beltran\.p2\pool\plugins\org.eclipse.justj.openjdk.hotspot.jre.full.win32.x86_64_15.0.2.v20210201-0955\jre\bin\management_ext.dll

dbghelp: loaded successfully - version: 4.0.5 - missing functions: none
symbol engine: initialized successfully - sym options: 0x614 - pdb path: .;C:\Users\maria.beltran\.p2\pool\plugins\org.eclipse.justj.openjdk.hotspot.jre.full.win32.x86_64_15.0.2.v20210201-0955\jre\bin;C:\Windows\SYSTEM32;C:\Windows\WinSxS\amd64_microsoft.windows.common-controls_6595b64144ccf1df_6.0.19041.844_none_ca00b6081b84eb1d;C:\Users\maria.beltran\.p2\pool\plugins\org.eclipse.justj.openjdk.hotspot.jre.full.win32.x86_64_15.0.2.v20210201-0955\jre\bin\server

VM Arguments:
jvm_args: -ea -javaagent:C:\Users\maria.beltran\.m2\repository/org/aspectj/aspectjweaver/1.9.4/aspectjweaver-1.9.4.jar -Dfile.encoding=Cp1252 -XX:+ShowCodeDetailsInExceptionMessages 
java_command: org.testng.remote.RemoteTestNG -serport 64335 -protocol json -d C:\Users\maria.beltran\Desktop\Almaviva\almavivaAutomatizacion\test-output C:\Users\MARIA~1.BEL\AppData\Local\Temp\testng-eclipse-1952632262\testng-customsuite.xml
java_class_path (initial): C:\Users\maria.beltran\eclipse\jee-2020-12\eclipse\configuration\org.eclipse.osgi\929\0\.cp\lib\testng-remote.jar;C:\Users\maria.beltran\Desktop\Almaviva\almavivaAutomatizacion\target\test-classes;C:\Users\maria.beltran\Desktop\Almaviva\almavivaAutomatizacion\target\classes;C:\Users\maria.beltran\.m2\repository\org\apache\commons\commons-lang3\3.0\commons-lang3-3.0.jar;C:\Users\maria.beltran\.m2\repository\io\github\bonigarcia\webdrivermanager\3.8.1\webdrivermanager-3.8.1.jar;C:\Users\maria.beltran\.m2\repository\org\slf4j\slf4j-api\1.7.25\slf4j-api-1.7.25.jar;C:\Users\maria.beltran\.m2\repository\commons-io\commons-io\2.6\commons-io-2.6.jar;C:\Users\maria.beltran\.m2\repository\com\google\code\gson\gson\2.8.5\gson-2.8.5.jar;C:\Users\maria.beltran\.m2\repository\org\apache\httpcomponents\httpclient\4.5.6\httpclient-4.5.6.jar;C:\Users\maria.beltran\.m2\repository\org\apache\httpcomponents\httpcore\4.4.10\httpcore-4.4.10.jar;C:\Users\maria.beltran\.m2\repository\commons-logging\commons-logging\1.2\commons-logging-1.2.jar;C:\Users\maria.beltran\.m2\repository\commons-codec\commons-codec\1.10\commons-codec-1.10.jar;C:\Users\maria.beltran\.m2\repository\org\rauschig\jarchivelib\1.0.0\jarchivelib-1.0.0.jar;C:\Users\maria.beltran\.m2\repository\org\apache\commons\commons-compress\1.18\commons-compress-1.18.jar;C:\Users\maria.beltran\.m2\repository\org\jsoup\jsoup\1.11.3\jsoup-1.11.3.jar;C:\Users\maria.beltran\.m2\repository\org\seleniumhq\selenium\selenium-java\3.141.59\selenium-java-3.141.59.jar;C:\Users\maria.beltran\.m2\repository\org\seleniumhq\selenium\selenium-api\3.141.59\selenium-api-3.141.59.jar;C:\Users\maria.beltran\.m2\repository\org\seleniumhq\selenium\selenium-chrome-driver\3.141.59\selenium-chrome-driver-3.141.59.jar;C:\Users\maria.beltran\.m2\repository\org\seleniumhq\selenium\selenium-edge-driver\3.141.59\selenium-edge-driver-3.141.59.jar;C:\Users\maria.beltran\.m2\repository\org\seleniumhq\selenium\selenium-firefox-driver\3.14
Launcher Type: SUN_STANDARD

[Global flags]
     intx CICompilerCount                          = 3                                         {product} {ergonomic}
     uint ConcGCThreads                            = 1                                         {product} {ergonomic}
     uint G1ConcRefinementThreads                  = 4                                         {product} {ergonomic}
   size_t G1HeapRegionSize                         = 1048576                                   {product} {ergonomic}
    uintx GCDrainStackTargetSize                   = 64                                        {product} {ergonomic}
   size_t InitialHeapSize                          = 60817408                                  {product} {ergonomic}
   size_t MarkStackSize                            = 4194304                                   {product} {ergonomic}
   size_t MaxHeapSize                              = 964689920                                 {product} {ergonomic}
   size_t MaxNewSize                               = 578813952                                 {product} {ergonomic}
   size_t MinHeapDeltaBytes                        = 1048576                                   {product} {ergonomic}
   size_t MinHeapSize                              = 8388608                                   {product} {ergonomic}
    uintx NonNMethodCodeHeapSize                   = 5832780                                {pd product} {ergonomic}
    uintx NonProfiledCodeHeapSize                  = 122912730                              {pd product} {ergonomic}
    uintx ProfiledCodeHeapSize                     = 122912730                              {pd product} {ergonomic}
    uintx ReservedCodeCacheSize                    = 251658240                              {pd product} {ergonomic}
     bool SegmentedCodeCache                       = true                                      {product} {ergonomic}
     bool ShowCodeDetailsInExceptionMessages       = true                                   {manageable} {command line}
   size_t SoftMaxHeapSize                          = 964689920                              {manageable} {ergonomic}
     bool UseCompressedClassPointers               = true                                 {lp64_product} {ergonomic}
     bool UseCompressedOops                        = true                                 {lp64_product} {ergonomic}
     bool UseG1GC                                  = true                                      {product} {ergonomic}
     bool UseLargePagesIndividualAllocation        = false                                  {pd product} {ergonomic}

Logging:
Log output configuration:
 #0: stdout all=warning uptime,level,tags
 #1: stderr all=off uptime,level,tags

Environment Variables:
JAVA_HOME=C:\Program Files\Java\jdk1.8.0_281
PATH=C:/Users/maria.beltran/.p2/pool/plugins/org.eclipse.justj.openjdk.hotspot.jre.full.win32.x86_64_15.0.2.v20210201-0955/jre/bin/server;C:/Users/maria.beltran/.p2/pool/plugins/org.eclipse.justj.openjdk.hotspot.jre.full.win32.x86_64_15.0.2.v20210201-0955/jre/bin;C:\Program Files (x86)\Common Files\Oracle\Java\javapath;"C:\Program Files (x86)\Common Files\Oracle\Java\javapath;C:\Program Files\Java\jdk1.8.0_281\BIN";"C:\Program Files (x86)\Common Files\Oracle\Java\javapath;C:\Program Files\apache-maven-3.6.3\bin";C:\Windows\system32;C:\Windows;C:\Windows\System32\Wbem;C:\Windows\System32\WindowsPowerShell\v1.0\;C:\Windows\System32\OpenSSH\;C:\Program Files\apache-maven-3.6.3\bin;C:\Program Files\Java\jdk1.8.0_281\bin;C:\Program Files\Microsoft SQL Server\Client SDK\ODBC\130\Tools\Binn\;C:\Program Files (x86)\Microsoft SQL Server\130\Tools\Binn\;C:\Program Files\Microsoft SQL Server\130\Tools\Binn\;C:\Program Files\Microsoft SQL Server\130\DTS\Binn\;C:\Program Files (x86)\Microsoft SQL Server\150\DTS\Binn\;C:\Program Files\Azure Data Studio\bin;C:\Install\Scoop\shims;C:\Users\maria.beltran\AppData\Local\Microsoft\WindowsApps;C:\Users\maria.beltran\AppData\Local\Programs\Git\cmd;C:\Program Files\Java\jdk1.8.0_281\bin;C:\Program Files\apache-maven-3.6.3\bin;;C:\Program Files\Azure Data Studio\bin;C:\Program Files\Azure Data Studio\bin;C:\Program Files\Azure Data Studio\bin;C:\Users\maria.beltran\Desktop;
USERNAME=alejandra.beltran
OS=Windows_NT
PROCESSOR_IDENTIFIER=Intel64 Family 6 Model 78 Stepping 3, GenuineIntel



---------------  S Y S T E M  ---------------

OS:
 Windows 10 , 64 bit Build 19041 (10.0.19041.928)
OS uptime: 1 days 1:47 hours

CPU: total 4 (initial active 4) (2 cores per cpu, 2 threads per core) family 6 model 78 stepping 3 microcode 0xd6, cmov, cx8, fxsr, mmx, sse, sse2, sse3, ssse3, sse4.1, sse4.2, popcnt, vzeroupper, avx, avx2, aes, clmul, erms, 3dnowpref, lzcnt, ht, tsc, tscinvbit, bmi1, bmi2, adx, fma, clflush, clflushopt

Memory: 4k page, system-wide physical 3676M (317M free)
TotalPageFile size 14940M (AvailPageFile size 4M)
current process WorkingSet (physical memory assigned to process): 183M, peak: 200M
current process commit charge ("private bytes"): 209M, peak: 223M

vm_info: OpenJDK 64-Bit Server VM (15.0.2+7-27) for windows-amd64 JRE (15.0.2+7-27), built on Dec  7 2020 20:02:38 by "mach5one" with unknown MS VC++:1925

END.
